2019-11-05 00:26:41 info: 🚀  Server ready at http://localhost:4000/
2019-11-05 00:27:19 info: 🚀  Server ready at http://localhost:4300/
2019-11-05 00:29:52 info: 🚀  Server ready at http://localhost:4300/
2019-11-05 09:36:41 info: 🚀  Server ready at http://localhost:4300/
2019-11-05 09:37:49 info: 🚀  Server ready at http://localhost:4300/
2019-11-05 09:38:30 info: 🚀  Server ready at http://localhost:4300/
2019-11-05 09:38:39 info: server error:Cannot query field "review_count" on type "YelpUserTip". Did you mean "compliment_count"?
2019-11-05 09:39:04 info: server error:Cannot query field "review_count" on type "YelpUserTip". Did you mean "compliment_count"?
2019-11-05 09:41:02 info: 🚀  Server ready at http://localhost:4300/
2019-11-05 09:42:07 info: server error:Field "YelpuserTip" argument "user_id" of type "String!" is required, but it was not provided.
2019-11-05 09:48:11 info: 🚀  Server ready at http://localhost:4300/
2019-11-05 09:50:34 info: 🚀  Server ready at http://localhost:4300/
2019-11-05 09:51:59 info: 🚀  Server ready at http://localhost:4300/
2019-11-05 09:56:15 info: 🚀  Server ready at http://localhost:4300/
2019-11-05 09:56:38 info: 🚀  Server ready at http://localhost:4300/
2019-11-05 10:01:35 info: server error:Unknown argument "filter" on field "Yelpuser" of type "Query".
2019-11-05 10:01:35 info: server error:Field "Yelpuser" argument "user_id" of type "String!" is required, but it was not provided.
2019-11-05 10:01:47 info: server error:Unknown argument "filter" on field "Yelpuser" of type "Query".
2019-11-05 10:01:47 info: server error:Field "Yelpuser" argument "user_id" of type "String!" is required, but it was not provided.
2019-11-05 10:04:27 info: 🚀  Server ready at http://localhost:4300/
2019-11-05 10:05:21 info: 🚀  Server ready at http://localhost:4300/
2019-11-05 10:08:05 info: 🚀  Server ready at http://localhost:4300/
